<?xml version="1.0" encoding="UTF-8"?>
<testng-results skipped="0" failed="0" total="1" passed="1">
  <reporter-output>
  </reporter-output>
  <suite name="Default suite" duration-ms="18231" started-at="2019-09-29T13:54:16Z" finished-at="2019-09-29T13:54:34Z">
    <groups>
    </groups>
    <test name="Default test" duration-ms="18231" started-at="2019-09-29T13:54:16Z" finished-at="2019-09-29T13:54:34Z">
      <class name="com.pack.TestCases.LogibTestCase1">
        <test-method status="PASS" signature="launch()[pri:0, instance:com.pack.TestCases.LogibTestCase1@7921b0a2]" name="launch" is-config="true" duration-ms="17461" started-at="2019-09-29T19:24:16Z" finished-at="2019-09-29T19:24:34Z">
          <reporter-output>
          </reporter-output>
        </test-method> <!-- launch -->
        <test-method status="PASS" signature="LoginCase_1()[pri:0, instance:com.pack.TestCases.LogibTestCase1@7921b0a2]" name="LoginCase_1" duration-ms="8" started-at="2019-09-29T19:24:34Z" finished-at="2019-09-29T19:24:34Z">
          <reporter-output>
          </reporter-output>
        </test-method> <!-- LoginCase_1 -->
        <test-method status="PASS" signature="quit()[pri:0, instance:com.pack.TestCases.LogibTestCase1@7921b0a2]" name="quit" is-config="true" duration-ms="727" started-at="2019-09-29T19:24:34Z" finished-at="2019-09-29T19:24:34Z">
          <reporter-output>
          </reporter-output>
        </test-method> <!-- quit -->
      </class> <!-- com.pack.TestCases.LogibTestCase1 -->
    </test> <!-- Default test -->
  </suite> <!-- Default suite -->
</testng-results>
